2026-03-29 11:35:30,418 [INFO] reco_trading.main: ==================================================
2026-03-29 11:35:30,418 [INFO] reco_trading.main:   RECO-TRADING BOT
2026-03-29 11:35:30,419 [INFO] reco_trading.main: ==================================================
2026-03-29 11:35:30,534 [INFO] reco_trading.main: Database connection OK
2026-03-29 11:35:30,540 [INFO] reco_trading.main: Mode: TESTNET
2026-03-29 11:35:30,540 [INFO] reco_trading.main: Trading: BTCUSDT 5m
2026-03-29 11:35:30,540 [INFO] reco_trading.main: --------------------------------------------------
2026-03-29 11:35:30,647 [INFO] reco_trading.main: UI initialized
2026-03-29 11:35:30,656 [INFO] reco_trading.main: Bot started! Press Ctrl+C to stop
2026-03-29 11:35:30,845 [INFO] reco_trading.exchange.binance_client: binance_time_sync_start reason=startup
2026-03-29 11:35:36,941 [INFO] reco_trading.exchange.binance_client: binance_time_sync_ok reason=startup offset_ms=0
2026-03-29 11:35:47,394 [INFO] reco_trading.core.bot_engine: volume_filter_rejected vol_ratio=1.00 threshold=0.85 side=SELL
2026-03-29 11:36:05,010 [INFO] reco_trading.core.bot_engine: volume_filter_rejected vol_ratio=1.00 threshold=0.85 side=SELL
2026-03-29 11:36:21,742 [INFO] reco_trading.core.bot_engine: volume_filter_rejected vol_ratio=1.00 threshold=0.85 side=SELL
2026-03-29 11:36:38,768 [INFO] reco_trading.core.bot_engine: volume_filter_rejected vol_ratio=1.00 threshold=0.85 side=SELL
2026-03-29 11:36:56,126 [INFO] reco_trading.core.bot_engine: volume_filter_rejected vol_ratio=1.00 threshold=0.85 side=SELL
2026-03-29 11:37:13,468 [INFO] reco_trading.core.bot_engine: volume_filter_rejected vol_ratio=1.00 threshold=0.85 side=SELL
2026-03-29 11:37:30,006 [INFO] reco_trading.core.bot_engine: volume_filter_rejected vol_ratio=1.00 threshold=0.85 side=SELL
2026-03-29 11:37:46,895 [INFO] reco_trading.core.bot_engine: volume_filter_rejected vol_ratio=1.00 threshold=0.85 side=SELL
2026-03-29 11:38:05,289 [INFO] reco_trading.core.bot_engine: volume_filter_rejected vol_ratio=1.00 threshold=0.85 side=SELL
2026-03-29 11:38:22,758 [INFO] reco_trading.core.bot_engine: volume_filter_rejected vol_ratio=1.00 threshold=0.85 side=SELL
2026-03-29 11:38:40,335 [INFO] reco_trading.core.bot_engine: volume_filter_rejected vol_ratio=1.00 threshold=0.85 side=SELL
2026-03-29 11:38:57,460 [INFO] reco_trading.core.bot_engine: volume_filter_rejected vol_ratio=1.00 threshold=0.85 side=SELL
2026-03-29 11:39:15,491 [INFO] reco_trading.core.bot_engine: volume_filter_rejected vol_ratio=1.00 threshold=0.85 side=SELL
2026-03-29 11:39:32,904 [INFO] reco_trading.core.bot_engine: volume_filter_rejected vol_ratio=1.00 threshold=0.85 side=SELL
2026-03-29 11:39:49,784 [INFO] reco_trading.core.bot_engine: volume_filter_rejected vol_ratio=1.00 threshold=0.85 side=SELL
2026-03-29 11:40:06,593 [INFO] reco_trading.core.bot_engine: volume_filter_rejected vol_ratio=1.00 threshold=0.85 side=SELL
2026-03-29 11:40:23,894 [INFO] reco_trading.core.bot_engine: volume_filter_rejected vol_ratio=1.00 threshold=0.85 side=SELL
2026-03-29 11:40:41,081 [INFO] reco_trading.core.bot_engine: volume_filter_rejected vol_ratio=1.00 threshold=0.85 side=SELL
2026-03-29 11:40:58,416 [INFO] reco_trading.core.bot_engine: volume_filter_rejected vol_ratio=1.00 threshold=0.85 side=SELL
2026-03-29 11:41:15,686 [INFO] reco_trading.core.bot_engine: volume_filter_rejected vol_ratio=1.00 threshold=0.85 side=SELL
2026-03-29 11:41:32,747 [INFO] reco_trading.core.bot_engine: volume_filter_rejected vol_ratio=1.00 threshold=0.85 side=SELL
2026-03-29 11:41:50,513 [INFO] reco_trading.core.bot_engine: volume_filter_rejected vol_ratio=1.00 threshold=0.85 side=SELL
2026-03-29 11:42:08,232 [INFO] reco_trading.core.bot_engine: volume_filter_rejected vol_ratio=1.00 threshold=0.85 side=SELL
2026-03-29 11:42:26,065 [INFO] reco_trading.core.bot_engine: volume_filter_rejected vol_ratio=1.00 threshold=0.85 side=SELL
2026-03-29 11:42:43,779 [INFO] reco_trading.core.bot_engine: volume_filter_rejected vol_ratio=1.00 threshold=0.85 side=SELL
2026-03-29 11:43:01,588 [INFO] reco_trading.core.bot_engine: volume_filter_rejected vol_ratio=1.00 threshold=0.85 side=SELL
2026-03-29 11:43:18,860 [INFO] reco_trading.core.bot_engine: volume_filter_rejected vol_ratio=1.00 threshold=0.85 side=SELL
2026-03-29 11:43:37,357 [INFO] reco_trading.core.bot_engine: volume_filter_rejected vol_ratio=1.00 threshold=0.85 side=SELL
2026-03-29 11:43:55,520 [INFO] reco_trading.core.bot_engine: volume_filter_rejected vol_ratio=1.00 threshold=0.85 side=SELL
2026-03-29 11:44:13,859 [INFO] reco_trading.core.bot_engine: volume_filter_rejected vol_ratio=1.00 threshold=0.85 side=SELL
2026-03-29 11:44:31,117 [INFO] reco_trading.core.bot_engine: volume_filter_rejected vol_ratio=1.00 threshold=0.85 side=SELL
2026-03-29 11:44:49,301 [INFO] reco_trading.core.bot_engine: volume_filter_rejected vol_ratio=1.00 threshold=0.85 side=SELL
2026-03-29 11:45:07,472 [INFO] reco_trading.core.bot_engine: volume_filter_rejected vol_ratio=1.00 threshold=0.85 side=SELL
2026-03-29 11:45:24,745 [INFO] reco_trading.core.bot_engine: volume_filter_rejected vol_ratio=1.00 threshold=0.85 side=SELL
2026-03-29 11:45:42,381 [INFO] reco_trading.core.bot_engine: volume_filter_rejected vol_ratio=1.00 threshold=0.85 side=SELL
2026-03-29 11:46:00,793 [INFO] reco_trading.core.bot_engine: volume_filter_rejected vol_ratio=1.00 threshold=0.85 side=SELL
2026-03-29 11:46:17,397 [INFO] reco_trading.core.bot_engine: volume_filter_rejected vol_ratio=1.00 threshold=0.85 side=SELL
2026-03-29 11:46:34,653 [INFO] reco_trading.core.bot_engine: volume_filter_rejected vol_ratio=1.00 threshold=0.85 side=SELL
2026-03-29 11:46:52,128 [INFO] reco_trading.core.bot_engine: volume_filter_rejected vol_ratio=1.00 threshold=0.85 side=SELL
2026-03-29 11:47:09,340 [INFO] reco_trading.core.bot_engine: volume_filter_rejected vol_ratio=1.00 threshold=0.85 side=SELL
2026-03-29 11:47:27,132 [INFO] reco_trading.core.bot_engine: volume_filter_rejected vol_ratio=1.00 threshold=0.85 side=SELL
2026-03-29 11:47:44,093 [INFO] reco_trading.core.bot_engine: volume_filter_rejected vol_ratio=1.00 threshold=0.85 side=SELL
2026-03-29 11:48:01,728 [INFO] reco_trading.core.bot_engine: volume_filter_rejected vol_ratio=1.00 threshold=0.85 side=SELL
2026-03-29 11:48:19,358 [INFO] reco_trading.core.bot_engine: volume_filter_rejected vol_ratio=1.00 threshold=0.85 side=SELL
2026-03-29 11:48:36,968 [INFO] reco_trading.core.bot_engine: volume_filter_rejected vol_ratio=1.00 threshold=0.85 side=SELL
2026-03-29 11:48:53,943 [INFO] reco_trading.core.bot_engine: volume_filter_rejected vol_ratio=1.00 threshold=0.85 side=SELL
2026-03-29 11:49:11,985 [INFO] reco_trading.core.bot_engine: volume_filter_rejected vol_ratio=1.00 threshold=0.85 side=SELL
2026-03-29 11:49:29,241 [INFO] reco_trading.core.bot_engine: volume_filter_rejected vol_ratio=1.00 threshold=0.85 side=SELL
2026-03-29 11:49:46,408 [INFO] reco_trading.core.bot_engine: volume_filter_rejected vol_ratio=1.00 threshold=0.85 side=SELL
2026-03-29 11:50:03,150 [INFO] reco_trading.core.bot_engine: volume_filter_rejected vol_ratio=1.00 threshold=0.85 side=SELL
2026-03-29 11:50:20,236 [INFO] reco_trading.core.bot_engine: volume_filter_rejected vol_ratio=1.00 threshold=0.85 side=SELL
2026-03-29 11:50:36,900 [INFO] reco_trading.core.bot_engine: volume_filter_rejected vol_ratio=1.00 threshold=0.85 side=SELL
2026-03-29 11:50:53,606 [INFO] reco_trading.core.bot_engine: volume_filter_rejected vol_ratio=1.00 threshold=0.85 side=SELL
2026-03-29 11:51:11,181 [INFO] reco_trading.core.bot_engine: volume_filter_rejected vol_ratio=1.00 threshold=0.85 side=SELL
2026-03-29 11:51:28,500 [INFO] reco_trading.core.bot_engine: volume_filter_rejected vol_ratio=1.00 threshold=0.85 side=SELL
2026-03-29 11:51:46,141 [INFO] reco_trading.core.bot_engine: volume_filter_rejected vol_ratio=1.00 threshold=0.85 side=SELL
2026-03-29 11:52:03,860 [INFO] reco_trading.core.bot_engine: volume_filter_rejected vol_ratio=1.00 threshold=0.85 side=SELL
2026-03-29 11:52:20,782 [INFO] reco_trading.core.bot_engine: volume_filter_rejected vol_ratio=1.00 threshold=0.85 side=SELL
2026-03-29 11:52:38,166 [INFO] reco_trading.core.bot_engine: volume_filter_rejected vol_ratio=1.00 threshold=0.85 side=SELL
2026-03-29 11:52:55,215 [INFO] reco_trading.core.bot_engine: volume_filter_rejected vol_ratio=1.00 threshold=0.85 side=SELL
2026-03-29 11:53:12,226 [INFO] reco_trading.core.bot_engine: volume_filter_rejected vol_ratio=1.00 threshold=0.85 side=SELL
2026-03-29 11:53:29,591 [INFO] reco_trading.core.bot_engine: volume_filter_rejected vol_ratio=1.00 threshold=0.85 side=SELL
2026-03-29 11:53:45,989 [INFO] reco_trading.core.bot_engine: volume_filter_rejected vol_ratio=1.00 threshold=0.85 side=SELL
2026-03-29 11:54:02,373 [INFO] reco_trading.core.bot_engine: volume_filter_rejected vol_ratio=1.00 threshold=0.85 side=SELL
2026-03-29 11:54:19,861 [INFO] reco_trading.core.bot_engine: volume_filter_rejected vol_ratio=1.00 threshold=0.85 side=SELL
2026-03-29 11:54:36,848 [INFO] reco_trading.core.bot_engine: volume_filter_rejected vol_ratio=1.00 threshold=0.85 side=SELL
2026-03-29 11:54:53,891 [INFO] reco_trading.core.bot_engine: volume_filter_rejected vol_ratio=1.00 threshold=0.85 side=SELL
2026-03-29 11:56:16,462 [ERROR] reco_trading.database.repository: db_error in record_market_candle: (sqlalchemy.dialects.postgresql.asyncpg.InterfaceError) <class 'asyncpg.exceptions._base.InterfaceError'>: connection is closed
[SQL: SELECT market_data.id, market_data.timestamp, market_data.candle_timestamp, market_data.symbol, market_data.timeframe, market_data.open, market_data.high, market_data.low, market_data.close, market_data.volume 
FROM market_data 
WHERE market_data.symbol = $1::VARCHAR AND market_data.timeframe = $2::VARCHAR AND market_data.candle_timestamp = $3::TIMESTAMP WITH TIME ZONE]
[parameters: ('BTC/USDT', '5m', Timestamp('2026-03-29 15:55:00+0000', tz='UTC'))]
(Background on this error at: https://sqlalche.me/e/20/rvf5)
2026-03-29 11:56:37,235 [WARNING] reco_trading.exchange.binance_client: binance_timestamp_drift_detected op=fetch_balance attempt=1/3 action=resync_and_retry
2026-03-29 11:56:37,235 [INFO] reco_trading.exchange.binance_client: binance_time_sync_start reason=timestamp_error:fetch_balance
2026-03-29 11:56:37,468 [INFO] reco_trading.exchange.binance_client: binance_time_sync_ok reason=timestamp_error:fetch_balance offset_ms=0
2026-03-29 11:56:37,468 [WARNING] reco_trading.exchange.binance_client: binance_timestamp_retry op=fetch_balance
2026-03-29 12:00:15,994 [INFO] reco_trading.core.bot_engine: volume_filter_rejected vol_ratio=1.00 threshold=0.85 side=SELL
2026-03-29 12:00:32,223 [INFO] reco_trading.core.bot_engine: volume_filter_rejected vol_ratio=1.00 threshold=0.85 side=SELL
2026-03-29 12:00:49,129 [INFO] reco_trading.core.bot_engine: volume_filter_rejected vol_ratio=1.00 threshold=0.85 side=SELL
2026-03-29 12:01:06,509 [INFO] reco_trading.core.bot_engine: volume_filter_rejected vol_ratio=1.00 threshold=0.85 side=SELL
2026-03-29 12:01:23,673 [INFO] reco_trading.core.bot_engine: volume_filter_rejected vol_ratio=1.00 threshold=0.85 side=SELL
2026-03-29 12:01:41,313 [INFO] reco_trading.core.bot_engine: volume_filter_rejected vol_ratio=1.00 threshold=0.85 side=SELL
2026-03-29 12:01:58,716 [INFO] reco_trading.core.bot_engine: volume_filter_rejected vol_ratio=1.00 threshold=0.85 side=SELL
2026-03-29 12:02:16,341 [INFO] reco_trading.core.bot_engine: volume_filter_rejected vol_ratio=1.00 threshold=0.85 side=SELL
2026-03-29 12:02:34,549 [INFO] reco_trading.core.bot_engine: volume_filter_rejected vol_ratio=1.00 threshold=0.85 side=SELL
2026-03-29 12:02:52,521 [INFO] reco_trading.core.bot_engine: volume_filter_rejected vol_ratio=1.00 threshold=0.85 side=SELL
2026-03-29 12:03:10,212 [INFO] reco_trading.core.bot_engine: volume_filter_rejected vol_ratio=1.00 threshold=0.85 side=SELL
2026-03-29 12:03:28,134 [INFO] reco_trading.core.bot_engine: volume_filter_rejected vol_ratio=1.00 threshold=0.85 side=SELL
2026-03-29 12:03:45,721 [INFO] reco_trading.core.bot_engine: volume_filter_rejected vol_ratio=1.00 threshold=0.85 side=SELL
2026-03-29 12:04:04,368 [INFO] reco_trading.core.bot_engine: volume_filter_rejected vol_ratio=1.00 threshold=0.85 side=SELL
2026-03-29 12:04:22,487 [INFO] reco_trading.core.bot_engine: volume_filter_rejected vol_ratio=1.00 threshold=0.85 side=SELL
2026-03-29 12:04:40,519 [INFO] reco_trading.core.bot_engine: volume_filter_rejected vol_ratio=1.00 threshold=0.85 side=SELL
2026-03-29 12:04:58,385 [INFO] reco_trading.core.bot_engine: volume_filter_rejected vol_ratio=1.00 threshold=0.85 side=SELL
2026-03-29 12:05:15,498 [INFO] reco_trading.core.bot_engine: volume_filter_rejected vol_ratio=1.00 threshold=0.85 side=SELL
2026-03-29 12:05:32,123 [INFO] reco_trading.core.bot_engine: volume_filter_rejected vol_ratio=1.00 threshold=0.85 side=SELL
2026-03-29 12:05:49,481 [INFO] reco_trading.core.bot_engine: volume_filter_rejected vol_ratio=1.00 threshold=0.85 side=SELL
2026-03-29 12:06:06,643 [INFO] reco_trading.core.bot_engine: volume_filter_rejected vol_ratio=1.00 threshold=0.85 side=SELL
2026-03-29 12:06:25,231 [INFO] reco_trading.core.bot_engine: volume_filter_rejected vol_ratio=1.00 threshold=0.85 side=SELL
2026-03-29 12:06:45,371 [INFO] reco_trading.core.bot_engine: volume_filter_rejected vol_ratio=1.00 threshold=0.85 side=SELL
2026-03-29 12:07:04,536 [INFO] reco_trading.core.bot_engine: volume_filter_rejected vol_ratio=1.00 threshold=0.85 side=SELL
2026-03-29 12:07:24,927 [INFO] reco_trading.core.bot_engine: volume_filter_rejected vol_ratio=1.00 threshold=0.85 side=SELL
2026-03-29 12:07:43,703 [INFO] reco_trading.core.bot_engine: volume_filter_rejected vol_ratio=1.00 threshold=0.85 side=SELL
2026-03-29 12:08:04,096 [INFO] reco_trading.core.bot_engine: volume_filter_rejected vol_ratio=1.00 threshold=0.85 side=SELL
2026-03-29 12:08:34,403 [INFO] reco_trading.core.bot_engine: volume_filter_rejected vol_ratio=1.00 threshold=0.85 side=SELL
2026-03-29 12:08:54,580 [INFO] reco_trading.core.bot_engine: volume_filter_rejected vol_ratio=1.00 threshold=0.85 side=SELL
2026-03-29 12:09:25,093 [INFO] reco_trading.core.bot_engine: volume_filter_rejected vol_ratio=1.00 threshold=0.85 side=SELL
2026-03-29 12:09:55,811 [INFO] reco_trading.core.bot_engine: volume_filter_rejected vol_ratio=1.00 threshold=0.85 side=SELL
2026-03-29 12:10:19,447 [INFO] reco_trading.core.bot_engine: volume_filter_rejected vol_ratio=1.00 threshold=0.85 side=SELL
2026-03-29 12:10:47,740 [INFO] reco_trading.core.bot_engine: volume_filter_rejected vol_ratio=1.00 threshold=0.85 side=SELL
2026-03-29 12:11:06,580 [INFO] reco_trading.core.bot_engine: volume_filter_rejected vol_ratio=1.00 threshold=0.85 side=SELL
2026-03-29 12:11:33,861 [INFO] reco_trading.core.bot_engine: volume_filter_rejected vol_ratio=1.00 threshold=0.85 side=SELL
2026-03-29 12:11:58,273 [INFO] reco_trading.core.bot_engine: volume_filter_rejected vol_ratio=1.00 threshold=0.85 side=SELL
2026-03-29 12:12:20,516 [INFO] reco_trading.core.bot_engine: volume_filter_rejected vol_ratio=1.00 threshold=0.85 side=SELL
2026-03-29 12:12:51,495 [INFO] reco_trading.core.bot_engine: volume_filter_rejected vol_ratio=1.00 threshold=0.85 side=SELL
2026-03-29 12:13:23,187 [INFO] reco_trading.core.bot_engine: volume_filter_rejected vol_ratio=1.00 threshold=0.85 side=SELL
2026-03-29 12:13:43,149 [INFO] reco_trading.core.bot_engine: volume_filter_rejected vol_ratio=1.00 threshold=0.85 side=SELL
2026-03-29 12:14:08,947 [INFO] reco_trading.core.bot_engine: volume_filter_rejected vol_ratio=1.00 threshold=0.85 side=SELL
2026-03-29 12:14:30,133 [INFO] reco_trading.core.bot_engine: volume_filter_rejected vol_ratio=1.00 threshold=0.85 side=SELL
2026-03-29 12:14:54,247 [INFO] reco_trading.core.bot_engine: volume_filter_rejected vol_ratio=1.00 threshold=0.85 side=SELL
2026-03-29 12:15:22,007 [INFO] reco_trading.core.bot_engine: volume_filter_rejected vol_ratio=1.00 threshold=0.85 side=SELL
2026-03-29 12:15:49,244 [INFO] reco_trading.core.bot_engine: volume_filter_rejected vol_ratio=1.00 threshold=0.85 side=SELL
2026-03-29 12:16:10,077 [INFO] reco_trading.core.bot_engine: volume_filter_rejected vol_ratio=1.00 threshold=0.85 side=SELL
2026-03-29 12:16:33,828 [INFO] reco_trading.core.bot_engine: volume_filter_rejected vol_ratio=1.00 threshold=0.85 side=SELL
2026-03-29 12:16:50,506 [INFO] reco_trading.core.bot_engine: volume_filter_rejected vol_ratio=1.00 threshold=0.85 side=SELL
2026-03-29 12:17:07,707 [INFO] reco_trading.core.bot_engine: volume_filter_rejected vol_ratio=1.00 threshold=0.85 side=SELL
2026-03-29 12:17:24,576 [INFO] reco_trading.core.bot_engine: volume_filter_rejected vol_ratio=1.00 threshold=0.85 side=SELL
2026-03-29 12:17:42,443 [INFO] reco_trading.core.bot_engine: volume_filter_rejected vol_ratio=1.00 threshold=0.85 side=SELL
2026-03-29 12:17:59,316 [INFO] reco_trading.core.bot_engine: volume_filter_rejected vol_ratio=1.00 threshold=0.85 side=SELL
2026-03-29 12:18:16,115 [INFO] reco_trading.core.bot_engine: volume_filter_rejected vol_ratio=1.00 threshold=0.85 side=SELL
2026-03-29 12:18:32,796 [INFO] reco_trading.core.bot_engine: volume_filter_rejected vol_ratio=1.00 threshold=0.85 side=SELL
2026-03-29 12:18:49,452 [INFO] reco_trading.core.bot_engine: volume_filter_rejected vol_ratio=1.00 threshold=0.85 side=SELL
2026-03-29 12:19:06,699 [INFO] reco_trading.core.bot_engine: volume_filter_rejected vol_ratio=1.00 threshold=0.85 side=SELL
2026-03-29 12:19:23,895 [INFO] reco_trading.core.bot_engine: volume_filter_rejected vol_ratio=1.00 threshold=0.85 side=SELL
2026-03-29 12:19:41,233 [INFO] reco_trading.core.bot_engine: volume_filter_rejected vol_ratio=1.00 threshold=0.85 side=SELL
2026-03-29 12:19:58,562 [INFO] reco_trading.core.bot_engine: volume_filter_rejected vol_ratio=1.00 threshold=0.85 side=SELL
2026-03-29 12:27:03,239 [INFO] reco_trading.exchange.binance_client: binance_time_sync_start reason=periodic
2026-03-29 12:27:04,007 [INFO] reco_trading.exchange.binance_client: binance_time_sync_ok reason=periodic offset_ms=0
2026-03-29 12:30:32,185 [INFO] reco_trading.core.bot_engine: Adjusted order quantity to satisfy Binance filters symbol=BTC/USDT original_quantity=0.00000286 normalized_quantity=0.00008000 price=66614.85000000 notional=5.32918800 minQty=0.00001000 stepSize=0.00001000 minNotional=5.00000000
2026-03-29 12:30:32,519 [INFO] reco_trading.core.bot_engine: order_filled side=BUY qty=0.00008000 entry=66614.85
2026-03-29 12:30:32,566 [ERROR] reco_trading.core.bot_engine: runtime_error=The truth value of a Series is ambiguous. Use a.empty, a.bool(), a.item(), a.any() or a.all().
2026-03-29 12:30:57,689 [ERROR] reco_trading.core.bot_engine: runtime_error=The truth value of a Series is ambiguous. Use a.empty, a.bool(), a.item(), a.any() or a.all().
2026-03-29 12:31:29,759 [ERROR] reco_trading.core.bot_engine: runtime_error=The truth value of a Series is ambiguous. Use a.empty, a.bool(), a.item(), a.any() or a.all().
2026-03-29 12:31:50,699 [ERROR] reco_trading.core.bot_engine: runtime_error=The truth value of a Series is ambiguous. Use a.empty, a.bool(), a.item(), a.any() or a.all().
2026-03-29 12:32:17,474 [ERROR] reco_trading.core.bot_engine: runtime_error=The truth value of a Series is ambiguous. Use a.empty, a.bool(), a.item(), a.any() or a.all().
2026-03-29 12:32:45,839 [ERROR] reco_trading.core.bot_engine: runtime_error=The truth value of a Series is ambiguous. Use a.empty, a.bool(), a.item(), a.any() or a.all().
2026-03-29 12:33:26,067 [ERROR] reco_trading.core.bot_engine: runtime_error=The truth value of a Series is ambiguous. Use a.empty, a.bool(), a.item(), a.any() or a.all().
2026-03-29 12:33:48,367 [ERROR] reco_trading.core.bot_engine: runtime_error=The truth value of a Series is ambiguous. Use a.empty, a.bool(), a.item(), a.any() or a.all().
2026-03-29 12:34:21,092 [ERROR] reco_trading.core.bot_engine: runtime_error=The truth value of a Series is ambiguous. Use a.empty, a.bool(), a.item(), a.any() or a.all().
2026-03-29 12:34:59,508 [ERROR] reco_trading.core.bot_engine: runtime_error=The truth value of a Series is ambiguous. Use a.empty, a.bool(), a.item(), a.any() or a.all().
2026-03-29 12:35:16,633 [ERROR] reco_trading.core.bot_engine: runtime_error=The truth value of a Series is ambiguous. Use a.empty, a.bool(), a.item(), a.any() or a.all().
2026-03-29 12:35:59,459 [ERROR] reco_trading.core.bot_engine: runtime_error=The truth value of a Series is ambiguous. Use a.empty, a.bool(), a.item(), a.any() or a.all().
2026-03-29 12:36:36,257 [ERROR] reco_trading.core.bot_engine: runtime_error=The truth value of a Series is ambiguous. Use a.empty, a.bool(), a.item(), a.any() or a.all().
2026-03-29 12:37:11,360 [ERROR] reco_trading.core.bot_engine: runtime_error=The truth value of a Series is ambiguous. Use a.empty, a.bool(), a.item(), a.any() or a.all().
2026-03-29 12:37:33,770 [ERROR] reco_trading.core.bot_engine: runtime_error=The truth value of a Series is ambiguous. Use a.empty, a.bool(), a.item(), a.any() or a.all().
2026-03-29 12:38:05,123 [ERROR] reco_trading.core.bot_engine: runtime_error=The truth value of a Series is ambiguous. Use a.empty, a.bool(), a.item(), a.any() or a.all().
2026-03-29 12:38:41,199 [ERROR] reco_trading.core.bot_engine: runtime_error=The truth value of a Series is ambiguous. Use a.empty, a.bool(), a.item(), a.any() or a.all().
2026-03-29 12:39:34,400 [ERROR] reco_trading.core.bot_engine: runtime_error=The truth value of a Series is ambiguous. Use a.empty, a.bool(), a.item(), a.any() or a.all().
2026-03-29 12:40:25,015 [INFO] reco_trading.core.bot_engine: volume_filter_rejected vol_ratio=1.00 threshold=0.85 side=SELL
2026-03-29 12:40:25,088 [ERROR] reco_trading.core.bot_engine: runtime_error=The truth value of a Series is ambiguous. Use a.empty, a.bool(), a.item(), a.any() or a.all().
2026-03-29 12:41:06,764 [INFO] reco_trading.core.bot_engine: volume_filter_rejected vol_ratio=1.00 threshold=0.85 side=SELL
2026-03-29 12:41:06,813 [ERROR] reco_trading.core.bot_engine: runtime_error=The truth value of a Series is ambiguous. Use a.empty, a.bool(), a.item(), a.any() or a.all().
2026-03-29 12:41:44,590 [INFO] reco_trading.core.bot_engine: volume_filter_rejected vol_ratio=1.00 threshold=0.85 side=SELL
2026-03-29 12:41:44,642 [ERROR] reco_trading.core.bot_engine: runtime_error=The truth value of a Series is ambiguous. Use a.empty, a.bool(), a.item(), a.any() or a.all().
2026-03-29 12:42:07,600 [INFO] reco_trading.core.bot_engine: volume_filter_rejected vol_ratio=1.00 threshold=0.85 side=SELL
2026-03-29 12:42:07,662 [ERROR] reco_trading.core.bot_engine: runtime_error=The truth value of a Series is ambiguous. Use a.empty, a.bool(), a.item(), a.any() or a.all().
